<?xml version="1.0" encoding="UTF-8" standalone="yes"?><!DOCTYPE report PUBLIC "-//JACOCO//DTD Report 1.0//EN" "report.dtd"><report name="MainTest (Aug 3, 2018 2:24:52 PM)"><sessioninfo id="zipperle-8de5e549" start="1533299091791" dump="1533299092249"/><group name="github"><group name="src"><package name="test"><class name="test/Main"><method name="&lt;init&gt;" desc="()V" line="4"><counter type="INSTRUCTION" missed="3" covered="0"/><counter type="LINE" missed="1" covered="0"/><counter type="COMPLEXITY" missed="1" covered="0"/><counter type="METHOD" missed="1" covered="0"/></method><method name="main" desc="([Ljava/lang/String;)V" line="8"><counter type="INSTRUCTION" missed="13" covered="0"/><counter type="LINE" missed="5" covered="0"/><counter type="COMPLEXITY" missed="1" covered="0"/><counter type="METHOD" missed="1" covered="0"/></method><method name="fib" desc="(I)I" line="16"><counter type="INSTRUCTION" missed="0" covered="19"/><counter type="BRANCH" missed="0" covered="4"/><counter type="LINE" missed="0" covered="5"/><counter type="COMPLEXITY" missed="0" covered="3"/><counter type="METHOD" missed="0" covered="1"/></method><counter type="INSTRUCTION" missed="16" covered="19"/><counter type="BRANCH" missed="0" covered="4"/><counter type="LINE" missed="6" covered="5"/><counter type="COMPLEXITY" missed="2" covered="3"/><counter type="METHOD" missed="2" covered="1"/><counter type="CLASS" missed="0" covered="1"/></class><class name="test/MainTest"><method name="&lt;init&gt;" desc="()V" line="7"><counter type="INSTRUCTION" missed="0" covered="3"/><counter type="LINE" missed="0" covered="1"/><counter type="COMPLEXITY" missed="0" covered="1"/><counter type="METHOD" missed="0" covered="1"/></method><method name="fibTest" desc="()V" line="11"><counter type="INSTRUCTION" missed="0" covered="6"/><counter type="LINE" missed="0" covered="2"/><counter type="COMPLEXITY" missed="0" covered="1"/><counter type="METHOD" missed="0" covered="1"/></method><counter type="INSTRUCTION" missed="0" covered="9"/><counter type="LINE" missed="0" covered="3"/><counter type="COMPLEXITY" missed="0" covered="2"/><counter type="METHOD" missed="0" covered="2"/><counter type="CLASS" missed="0" covered="1"/></class><sourcefile name="MainTest.java"><line nr="7" mi="0" ci="3" mb="0" cb="0"/><line nr="11" mi="0" ci="5" mb="0" cb="0"/><line nr="12" mi="0" ci="1" mb="0" cb="0"/><counter type="INSTRUCTION" missed="0" covered="9"/><counter type="LINE" missed="0" covered="3"/><counter type="COMPLEXITY" missed="0" covered="2"/><counter type="METHOD" missed="0" covered="2"/><counter type="CLASS" missed="0" covered="1"/></sourcefile><sourcefile name="Main.java"><line nr="4" mi="3" ci="0" mb="0" cb="0"/><line nr="8" mi="2" ci="0" mb="0" cb="0"/><line nr="9" mi="2" ci="0" mb="0" cb="0"/><line nr="10" mi="3" ci="0" mb="0" cb="0"/><line nr="11" mi="5" ci="0" mb="0" cb="0"/><line nr="12" mi="1" ci="0" mb="0" cb="0"/><line nr="16" mi="0" ci="2" mb="0" cb="2"/><line nr="17" mi="0" ci="2" mb="0" cb="0"/><line nr="18" mi="0" ci="3" mb="0" cb="2"/><line nr="19" mi="0" ci="2" mb="0" cb="0"/><line nr="21" mi="0" ci="10" mb="0" cb="0"/><counter type="INSTRUCTION" missed="16" covered="19"/><counter type="BRANCH" missed="0" covered="4"/><counter type="LINE" missed="6" covered="5"/><counter type="COMPLEXITY" missed="2" covered="3"/><counter type="METHOD" missed="2" covered="1"/><counter type="CLASS" missed="0" covered="1"/></sourcefile><counter type="INSTRUCTION" missed="16" covered="28"/><counter type="BRANCH" missed="0" covered="4"/><counter type="LINE" missed="6" covered="8"/><counter type="COMPLEXITY" missed="2" covered="5"/><counter type="METHOD" missed="2" covered="3"/><counter type="CLASS" missed="0" covered="2"/></package><counter type="INSTRUCTION" missed="16" covered="28"/><counter type="BRANCH" missed="0" covered="4"/><counter type="LINE" missed="6" covered="8"/><counter type="COMPLEXITY" missed="2" covered="5"/><counter type="METHOD" missed="2" covered="3"/><counter type="CLASS" missed="0" covered="2"/></group><counter type="INSTRUCTION" missed="16" covered="28"/><counter type="BRANCH" missed="0" covered="4"/><counter type="LINE" missed="6" covered="8"/><counter type="COMPLEXITY" missed="2" covered="5"/><counter type="METHOD" missed="2" covered="3"/><counter type="CLASS" missed="0" covered="2"/></group><counter type="INSTRUCTION" missed="16" covered="28"/><counter type="BRANCH" missed="0" covered="4"/><counter type="LINE" missed="6" covered="8"/><counter type="COMPLEXITY" missed="2" covered="5"/><counter type="METHOD" missed="2" covered="3"/><counter type="CLASS" missed="0" covered="2"/></report>